<?xml version="1.0" encoding="UTF-8"?>
<!-- Generated by org.testng.reporters.JUnitReportReporter -->
<testsuite skipped="0" hostname="GSIPC-5083" name="com.rest.assured.RestAssured.Get_Rest_Assured" tests="1" failures="0" timestamp="2020-08-06T10:52:43 IST" time="4.706" errors="0">
  <testcase name="get_01" time="4.706" classname="com.rest.assured.RestAssured.Get_Rest_Assured"/>
  <system-out/>
</testsuite> <!-- com.rest.assured.RestAssured.Get_Rest_Assured -->
