<?xml version="1.0" encoding="UTF-8"?>
<!-- Generated by org.testng.reporters.JUnitReportReporter -->
<testsuite skipped="0" hostname="GSIPC-5083" name="com.rest.assured.RestAssured.Get_01" tests="1" failures="0" timestamp="2020-08-16T13:59:00 IST" time="8.232" errors="0">
  <testcase name="get_01" time="8.232" classname="com.rest.assured.RestAssured.Get_01"/>
  <system-out/>
</testsuite> <!-- com.rest.assured.RestAssured.Get_01 -->
